2019-06-14 23:15:26 INFO  AdaptiveGridFTPClient:426 - source  = gsiftp://oasis-dm.sdsc.xsede.org:2811/oasis/scratch-comet/earslan/temp_project/10G
2019-06-14 23:15:26 INFO  AdaptiveGridFTPClient:435 - destination = gsiftp://gridftp.stampede2.tacc.xsede.org:2811/scratch/01814/earslan/test/
2019-06-14 23:15:26 INFO  AdaptiveGridFTPClient:460 - rtt = 0.04 ms
2019-06-14 23:15:26 INFO  AdaptiveGridFTPClient:452 - bandwidth = 1.0E10 GB
2019-06-14 23:15:26 INFO  AdaptiveGridFTPClient:478 - bs = 3.3554432E7
2019-06-14 23:15:26 INFO  AdaptiveGridFTPClient:469 - cc = 4
2019-06-14 23:19:19 INFO  AdaptiveGridFTPClient:426 - source  = gsiftp://gridftp.bridges.psc.edu/pylon1/
2019-06-14 23:19:19 INFO  AdaptiveGridFTPClient:435 - destination = gsiftp://gridftp.stampede2.tacc.xsede.org:2811/scratch/01814/earslan/test/
2019-06-14 23:19:19 INFO  AdaptiveGridFTPClient:460 - rtt = 0.04 ms
2019-06-14 23:19:19 INFO  AdaptiveGridFTPClient:452 - bandwidth = 1.0E10 GB
2019-06-14 23:19:19 INFO  AdaptiveGridFTPClient:478 - bs = 3.3554432E7
2019-06-14 23:19:19 INFO  AdaptiveGridFTPClient:469 - cc = 4
2019-06-14 23:19:39 INFO  AdaptiveGridFTPClient:426 - source  = gsiftp://oasis-dm.sdsc.xsede.org:2811/oasis/scratch-comet/earslan/temp_project/10G
2019-06-14 23:19:39 INFO  AdaptiveGridFTPClient:435 - destination = gsiftp://gridftp.stampede2.tacc.xsede.org:2811/scratch/01814/earslan/test/
2019-06-14 23:19:39 INFO  AdaptiveGridFTPClient:460 - rtt = 0.04 ms
2019-06-14 23:19:39 INFO  AdaptiveGridFTPClient:452 - bandwidth = 1.0E10 GB
2019-06-14 23:19:39 INFO  AdaptiveGridFTPClient:478 - bs = 3.3554432E7
2019-06-14 23:19:39 INFO  AdaptiveGridFTPClient:469 - cc = 4
2019-06-14 23:20:07 INFO  AdaptiveGridFTPClient:426 - source  = gsiftp://oasis-dm.sdsc.xsede.org:2811/oasis/scratch-comet/earslan/temp_project/10G
2019-06-14 23:20:07 INFO  AdaptiveGridFTPClient:435 - destination = gsiftp://gridftp.stampede2.tacc.xsede.org:2811/scratch/01814/earslan/test/
2019-06-14 23:20:07 INFO  AdaptiveGridFTPClient:460 - rtt = 0.04 ms
2019-06-14 23:20:07 INFO  AdaptiveGridFTPClient:452 - bandwidth = 1.0E10 GB
2019-06-14 23:20:07 INFO  AdaptiveGridFTPClient:478 - bs = 3.3554432E7
2019-06-14 23:20:07 INFO  AdaptiveGridFTPClient:469 - cc = 4
2019-06-14 23:20:34 INFO  AdaptiveGridFTPClient:426 - source  = gsiftp://oasis-dm.sdsc.xsede.org:2811/oasis/scratch-comet/earslan/temp_project/10G
2019-06-14 23:20:34 INFO  AdaptiveGridFTPClient:435 - destination = gsiftp://gridftp.stampede2.tacc.xsede.org:2811/scratch/01814/earslan/test/
2019-06-14 23:20:34 INFO  AdaptiveGridFTPClient:460 - rtt = 0.04 ms
2019-06-14 23:20:34 INFO  AdaptiveGridFTPClient:452 - bandwidth = 1.0E10 GB
2019-06-14 23:20:34 INFO  AdaptiveGridFTPClient:478 - bs = 3.3554432E7
2019-06-14 23:20:34 INFO  AdaptiveGridFTPClient:469 - cc = 4
2019-06-14 23:22:59 INFO  AdaptiveGridFTPClient:426 - source  = gsiftp://oasis-dm.sdsc.xsede.org:2811/oasis/scratch-comet/earslan/temp_project/10G
2019-06-14 23:22:59 INFO  AdaptiveGridFTPClient:435 - destination = gsiftp://gridftp.stampede2.tacc.xsede.org:2811/scratch/01814/earslan/test/
2019-06-14 23:22:59 INFO  AdaptiveGridFTPClient:460 - rtt = 0.04 ms
2019-06-14 23:22:59 INFO  AdaptiveGridFTPClient:452 - bandwidth = 1.0E10 GB
2019-06-14 23:22:59 INFO  AdaptiveGridFTPClient:478 - bs = 3.3554432E7
2019-06-14 23:22:59 INFO  AdaptiveGridFTPClient:469 - cc = 4
2019-06-14 23:23:01 INFO  AdaptiveGridFTPClient:110 - mlsr completed at:2.224set size:10737418240
2019-06-14 23:23:01 INFO  AdaptiveGridFTPClient:236 - 0 is too small 0 files total size:0 B
2019-06-14 23:23:01 INFO  AdaptiveGridFTPClient:249 - Partition 0 0 files 0 B
2019-06-14 23:23:01 INFO  AdaptiveGridFTPClient:251 - Merging partition 0 to partition 1
2019-06-14 23:23:01 INFO  AdaptiveGridFTPClient:236 - 0 is too small 0 files total size:0 B
2019-06-14 23:23:01 INFO  AdaptiveGridFTPClient:249 - Partition 0 0 files 0 B
2019-06-14 23:23:01 INFO  AdaptiveGridFTPClient:251 - Merging partition 0 to partition 1
2019-06-14 23:23:01 INFO  AdaptiveGridFTPClient:236 - 0 is too small 0 files total size:0 B
2019-06-14 23:23:01 INFO  AdaptiveGridFTPClient:249 - Partition 0 0 files 0 B
2019-06-14 23:23:01 INFO  AdaptiveGridFTPClient:251 - Merging partition 0 to partition 1
2019-06-14 23:23:01 INFO  AdaptiveGridFTPClient:222 - Chunk 0:	files:1	 avg:10 GB 	 total:10 GB Density:HUGE
2019-06-14 23:23:01 INFO  AdaptiveGridFTPClient:165 -  Running MC with :1 channels.
2019-06-14 23:23:01 INFO  AdaptiveGridFTPClient:167 - Chunk :HUGE cc:1 p:2 ppq:0
2019-06-14 23:23:01 INFO  CooperativeModule:1653 - 1 channels will be created for chunk 0
2019-06-14 23:23:01 INFO  CooperativeModule:1661 - Created 0channels
2019-06-14 23:28:55 INFO  AdaptiveGridFTPClient:426 - source  = gsiftp://oasis-dm.sdsc.xsede.org:2811/oasis/scratch-comet/earslan/temp_project/test/
2019-06-14 23:28:55 INFO  AdaptiveGridFTPClient:435 - destination = gsiftp://gridftp.stampede2.tacc.xsede.org:2811/scratch/01814/earslan/test/
2019-06-14 23:28:55 INFO  AdaptiveGridFTPClient:460 - rtt = 0.04 ms
2019-06-14 23:28:55 INFO  AdaptiveGridFTPClient:452 - bandwidth = 1.0E10 GB
2019-06-14 23:28:55 INFO  AdaptiveGridFTPClient:478 - bs = 3.3554432E7
2019-06-14 23:28:55 INFO  AdaptiveGridFTPClient:469 - cc = 4
2019-06-14 23:31:13 INFO  AdaptiveGridFTPClient:426 - source  = gsiftp://oasis-dm.sdsc.xsede.org:2811/oasis/scratch-comet/earslan/temp_project/test/
2019-06-14 23:31:13 INFO  AdaptiveGridFTPClient:435 - destination = gsiftp://gridftp.stampede2.tacc.xsede.org:2811/scratch/01814/earslan/test/
2019-06-14 23:31:13 INFO  AdaptiveGridFTPClient:460 - rtt = 0.04 ms
2019-06-14 23:31:13 INFO  AdaptiveGridFTPClient:452 - bandwidth = 1.0E10 GB
2019-06-14 23:31:13 INFO  AdaptiveGridFTPClient:478 - bs = 3.3554432E7
2019-06-14 23:31:13 INFO  AdaptiveGridFTPClient:469 - cc = 4
2019-06-14 23:33:25 INFO  AdaptiveGridFTPClient:426 - source  = gsiftp://oasis-dm.sdsc.xsede.org:2811/oasis/scratch-comet/earslan/temp_project/test/
2019-06-14 23:33:25 INFO  AdaptiveGridFTPClient:435 - destination = gsiftp://gridftp.stampede2.tacc.xsede.org:2811/scratch/01814/earslan/test/
2019-06-14 23:33:25 INFO  AdaptiveGridFTPClient:460 - rtt = 0.04 ms
2019-06-14 23:33:25 INFO  AdaptiveGridFTPClient:452 - bandwidth = 1.0E10 GB
2019-06-14 23:33:25 INFO  AdaptiveGridFTPClient:478 - bs = 3.3554432E7
2019-06-14 23:33:25 INFO  AdaptiveGridFTPClient:469 - cc = 4
2019-06-14 23:36:16 INFO  AdaptiveGridFTPClient:426 - source  = gsiftp://oasis-dm.sdsc.xsede.org:2811/oasis/scratch-comet/earslan/temp_project/test/
2019-06-14 23:36:16 INFO  AdaptiveGridFTPClient:435 - destination = gsiftp://gridftp.stampede2.tacc.xsede.org:2811/scratch/01814/earslan/test/
2019-06-14 23:36:16 INFO  AdaptiveGridFTPClient:460 - rtt = 0.04 ms
2019-06-14 23:36:16 INFO  AdaptiveGridFTPClient:452 - bandwidth = 1.0E10 GB
2019-06-14 23:36:16 INFO  AdaptiveGridFTPClient:478 - bs = 3.3554432E7
2019-06-14 23:36:16 INFO  AdaptiveGridFTPClient:469 - cc = 4
2019-06-14 23:37:29 INFO  AdaptiveGridFTPClient:426 - source  = gsiftp://oasis-dm.sdsc.xsede.org:2811/oasis/scratch-comet/earslan/temp_project/test/
2019-06-14 23:37:29 INFO  AdaptiveGridFTPClient:435 - destination = gsiftp://gridftp.stampede2.tacc.xsede.org:2811/scratch/01814/earslan/test/
2019-06-14 23:37:29 INFO  AdaptiveGridFTPClient:460 - rtt = 0.04 ms
2019-06-14 23:37:29 INFO  AdaptiveGridFTPClient:452 - bandwidth = 1.0E10 GB
2019-06-14 23:37:29 INFO  AdaptiveGridFTPClient:478 - bs = 3.3554432E7
2019-06-14 23:37:29 INFO  AdaptiveGridFTPClient:469 - cc = 4
2019-06-14 23:39:03 INFO  AdaptiveGridFTPClient:426 - source  = gsiftp://oasis-dm.sdsc.xsede.org:2811/oasis/scratch-comet/earslan/temp_project/test/
2019-06-14 23:39:03 INFO  AdaptiveGridFTPClient:435 - destination = gsiftp://gridftp.stampede2.tacc.xsede.org:2811/scratch/01814/earslan/test/
2019-06-14 23:39:03 INFO  AdaptiveGridFTPClient:460 - rtt = 0.04 ms
2019-06-14 23:39:03 INFO  AdaptiveGridFTPClient:452 - bandwidth = 1.0E10 GB
2019-06-14 23:39:03 INFO  AdaptiveGridFTPClient:478 - bs = 3.3554432E7
2019-06-14 23:39:03 INFO  AdaptiveGridFTPClient:469 - cc = 4
2019-06-14 23:39:26 INFO  AdaptiveGridFTPClient:426 - source  = gsiftp://oasis-dm.sdsc.xsede.org:2811/oasis/scratch-comet/earslan/temp_project/test/
2019-06-14 23:39:26 INFO  AdaptiveGridFTPClient:435 - destination = gsiftp://gridftp.stampede2.tacc.xsede.org:2811/scratch/01814/earslan/test/
2019-06-14 23:39:26 INFO  AdaptiveGridFTPClient:460 - rtt = 0.04 ms
2019-06-14 23:39:26 INFO  AdaptiveGridFTPClient:452 - bandwidth = 1.0E10 GB
2019-06-14 23:39:26 INFO  AdaptiveGridFTPClient:478 - bs = 3.3554432E7
2019-06-14 23:39:26 INFO  AdaptiveGridFTPClient:469 - cc = 4
2019-06-14 23:42:52 INFO  AdaptiveGridFTPClient:426 - source  = gsiftp://oasis-dm.sdsc.xsede.org:2811/oasis/scratch-comet/earslan/temp_project/test/
2019-06-14 23:42:52 INFO  AdaptiveGridFTPClient:435 - destination = gsiftp://gridftp.stampede2.tacc.xsede.org:2811/scratch/01814/earslan/test/
2019-06-14 23:42:52 INFO  AdaptiveGridFTPClient:460 - rtt = 0.04 ms
2019-06-14 23:42:52 INFO  AdaptiveGridFTPClient:452 - bandwidth = 1.0E10 GB
2019-06-14 23:42:52 INFO  AdaptiveGridFTPClient:478 - bs = 3.3554432E7
2019-06-14 23:42:52 INFO  AdaptiveGridFTPClient:469 - cc = 4
2019-06-14 23:44:38 INFO  AdaptiveGridFTPClient:426 - source  = gsiftp://oasis-dm.sdsc.xsede.org:2811/oasis/scratch-comet/earslan/temp_project/test/
2019-06-14 23:44:38 INFO  AdaptiveGridFTPClient:435 - destination = gsiftp://gridftp.stampede2.tacc.xsede.org:2811/scratch/01814/earslan/test/
2019-06-14 23:44:38 INFO  AdaptiveGridFTPClient:460 - rtt = 0.04 ms
2019-06-14 23:44:38 INFO  AdaptiveGridFTPClient:452 - bandwidth = 1.0E10 GB
2019-06-14 23:44:38 INFO  AdaptiveGridFTPClient:478 - bs = 3.3554432E7
2019-06-14 23:44:38 INFO  AdaptiveGridFTPClient:469 - cc = 4
2019-06-14 23:45:15 INFO  AdaptiveGridFTPClient:426 - source  = gsiftp://oasis-dm.sdsc.xsede.org:2811/oasis/scratch-comet/earslan/temp_project/test/
2019-06-14 23:45:15 INFO  AdaptiveGridFTPClient:435 - destination = gsiftp://gridftp.stampede2.tacc.xsede.org:2811/scratch/01814/earslan/test/
2019-06-14 23:45:15 INFO  AdaptiveGridFTPClient:460 - rtt = 0.04 ms
2019-06-14 23:45:15 INFO  AdaptiveGridFTPClient:452 - bandwidth = 1.0E10 GB
2019-06-14 23:45:15 INFO  AdaptiveGridFTPClient:478 - bs = 3.3554432E7
2019-06-14 23:45:15 INFO  AdaptiveGridFTPClient:469 - cc = 4
2019-06-14 23:46:39 INFO  AdaptiveGridFTPClient:426 - source  = gsiftp://oasis-dm.sdsc.xsede.org:2811/oasis/scratch-comet/earslan/temp_project/test/
2019-06-14 23:46:39 INFO  AdaptiveGridFTPClient:435 - destination = gsiftp://gridftp.stampede2.tacc.xsede.org:2811/scratch/01814/earslan/test/
2019-06-14 23:46:39 INFO  AdaptiveGridFTPClient:460 - rtt = 0.04 ms
2019-06-14 23:46:39 INFO  AdaptiveGridFTPClient:452 - bandwidth = 1.0E10 GB
2019-06-14 23:46:39 INFO  AdaptiveGridFTPClient:478 - bs = 3.3554432E7
2019-06-14 23:46:39 INFO  AdaptiveGridFTPClient:469 - cc = 4
2019-06-14 23:48:06 INFO  AdaptiveGridFTPClient:426 - source  = gsiftp://oasis-dm.sdsc.xsede.org:2811/oasis/scratch/comet/earslan/temp_project/test/
2019-06-14 23:48:06 INFO  AdaptiveGridFTPClient:435 - destination = gsiftp://gridftp.stampede2.tacc.xsede.org:2811/scratch/01814/earslan/test/
2019-06-14 23:48:06 INFO  AdaptiveGridFTPClient:460 - rtt = 0.04 ms
2019-06-14 23:48:06 INFO  AdaptiveGridFTPClient:452 - bandwidth = 1.0E10 GB
2019-06-14 23:48:06 INFO  AdaptiveGridFTPClient:478 - bs = 3.3554432E7
2019-06-14 23:48:06 INFO  AdaptiveGridFTPClient:469 - cc = 4
2019-06-14 23:49:52 INFO  AdaptiveGridFTPClient:426 - source  = gsiftp://oasis-dm.sdsc.xsede.org:2811/oasis/scratch/comet/earslan/temp_project/test/
2019-06-14 23:49:52 INFO  AdaptiveGridFTPClient:435 - destination = gsiftp://gridftp.stampede2.tacc.xsede.org:2811/scratch/01814/earslan/test/
2019-06-14 23:49:52 INFO  AdaptiveGridFTPClient:460 - rtt = 0.04 ms
2019-06-14 23:49:52 INFO  AdaptiveGridFTPClient:452 - bandwidth = 1.0E10 GB
2019-06-14 23:49:52 INFO  AdaptiveGridFTPClient:478 - bs = 3.3554432E7
2019-06-14 23:49:52 INFO  AdaptiveGridFTPClient:469 - cc = 4
2019-06-14 23:50:13 INFO  AdaptiveGridFTPClient:426 - source  = gsiftp://oasis-dm.sdsc.xsede.org:2811/oasis/scratch-comet/earslan/temp_project/test/
2019-06-14 23:50:13 INFO  AdaptiveGridFTPClient:435 - destination = gsiftp://gridftp.stampede2.tacc.xsede.org:2811/scratch/01814/earslan/test/
2019-06-14 23:50:13 INFO  AdaptiveGridFTPClient:460 - rtt = 0.04 ms
2019-06-14 23:50:13 INFO  AdaptiveGridFTPClient:452 - bandwidth = 1.0E10 GB
2019-06-14 23:50:13 INFO  AdaptiveGridFTPClient:478 - bs = 3.3554432E7
2019-06-14 23:50:13 INFO  AdaptiveGridFTPClient:469 - cc = 4
2019-06-14 23:50:31 INFO  AdaptiveGridFTPClient:426 - source  = gsiftp://oasis-dm.sdsc.xsede.org:2811/oasis/scratch-comet/earslan/temp_project/
2019-06-14 23:50:31 INFO  AdaptiveGridFTPClient:435 - destination = gsiftp://gridftp.stampede2.tacc.xsede.org:2811/scratch/01814/earslan/test/
2019-06-14 23:50:31 INFO  AdaptiveGridFTPClient:460 - rtt = 0.04 ms
2019-06-14 23:50:31 INFO  AdaptiveGridFTPClient:452 - bandwidth = 1.0E10 GB
2019-06-14 23:50:31 INFO  AdaptiveGridFTPClient:478 - bs = 3.3554432E7
2019-06-14 23:50:31 INFO  AdaptiveGridFTPClient:469 - cc = 4
2019-06-14 23:52:52 INFO  AdaptiveGridFTPClient:435 - destination = gsiftp://oasis-dm.sdsc.xsede.org:2811/oasis/scratch-comet/earslan/temp_project/
2019-06-14 23:52:52 INFO  AdaptiveGridFTPClient:426 - source  = gsiftp://gridftp.stampede2.tacc.xsede.org:2811/scratch/01814/earslan/test/
2019-06-14 23:52:52 INFO  AdaptiveGridFTPClient:460 - rtt = 0.04 ms
2019-06-14 23:52:52 INFO  AdaptiveGridFTPClient:452 - bandwidth = 1.0E10 GB
2019-06-14 23:52:52 INFO  AdaptiveGridFTPClient:478 - bs = 3.3554432E7
2019-06-14 23:52:52 INFO  AdaptiveGridFTPClient:469 - cc = 4
2019-06-14 23:54:39 INFO  AdaptiveGridFTPClient:426 - source  = gsiftp://oasis-dm.sdsc.xsede.org:2811/oasis/scratch-comet/earslan/temp_project/10G
2019-06-14 23:54:39 INFO  AdaptiveGridFTPClient:435 - destination = gsiftp://gridftp.stampede2.tacc.xsede.org:2811/scratch/01814/earslan/test/
2019-06-14 23:54:39 INFO  AdaptiveGridFTPClient:460 - rtt = 0.04 ms
2019-06-14 23:54:39 INFO  AdaptiveGridFTPClient:452 - bandwidth = 1.0E10 GB
2019-06-14 23:54:39 INFO  AdaptiveGridFTPClient:478 - bs = 3.3554432E7
2019-06-14 23:54:39 INFO  AdaptiveGridFTPClient:469 - cc = 4
2019-06-14 23:54:43 INFO  AdaptiveGridFTPClient:110 - mlsr completed at:3.149set size:10737418240
2019-06-14 23:54:43 INFO  AdaptiveGridFTPClient:236 - 0 is too small 0 files total size:0 B
2019-06-14 23:54:43 INFO  AdaptiveGridFTPClient:249 - Partition 0 0 files 0 B
2019-06-14 23:54:43 INFO  AdaptiveGridFTPClient:251 - Merging partition 0 to partition 1
2019-06-14 23:54:43 INFO  AdaptiveGridFTPClient:236 - 0 is too small 0 files total size:0 B
2019-06-14 23:54:43 INFO  AdaptiveGridFTPClient:249 - Partition 0 0 files 0 B
2019-06-14 23:54:43 INFO  AdaptiveGridFTPClient:251 - Merging partition 0 to partition 1
2019-06-14 23:54:43 INFO  AdaptiveGridFTPClient:236 - 0 is too small 0 files total size:0 B
2019-06-14 23:54:43 INFO  AdaptiveGridFTPClient:249 - Partition 0 0 files 0 B
2019-06-14 23:54:43 INFO  AdaptiveGridFTPClient:251 - Merging partition 0 to partition 1
2019-06-14 23:54:43 INFO  AdaptiveGridFTPClient:222 - Chunk 0:	files:1	 avg:10 GB 	 total:10 GB Density:HUGE
2019-06-14 23:54:43 INFO  AdaptiveGridFTPClient:165 -  Running MC with :1 channels.
2019-06-14 23:54:43 INFO  AdaptiveGridFTPClient:167 - Chunk :HUGE cc:1 p:2 ppq:0
2019-06-14 23:54:43 INFO  CooperativeModule:1661 - 1 channels will be created for chunk 0
2019-06-14 23:54:43 INFO  CooperativeModule:1669 - Created 0channels
2019-06-14 23:54:57 INFO  AdaptiveGridFTPClient:426 - source  = gsiftp://oasis-dm.sdsc.xsede.org:2811/oasis/scratch-comet/earslan/temp_project/
2019-06-14 23:54:57 INFO  AdaptiveGridFTPClient:435 - destination = gsiftp://gridftp.stampede2.tacc.xsede.org:2811/scratch/01814/earslan/test/
2019-06-14 23:54:57 INFO  AdaptiveGridFTPClient:460 - rtt = 0.04 ms
2019-06-14 23:54:57 INFO  AdaptiveGridFTPClient:452 - bandwidth = 1.0E10 GB
2019-06-14 23:54:57 INFO  AdaptiveGridFTPClient:478 - bs = 3.3554432E7
2019-06-14 23:54:57 INFO  AdaptiveGridFTPClient:469 - cc = 4
2019-06-14 23:55:34 INFO  AdaptiveGridFTPClient:426 - source  = gsiftp://oasis-dm.sdsc.xsede.org:2811/home/earslan/
2019-06-14 23:55:34 INFO  AdaptiveGridFTPClient:435 - destination = gsiftp://gridftp.stampede2.tacc.xsede.org:2811/scratch/01814/earslan/test/
2019-06-14 23:55:34 INFO  AdaptiveGridFTPClient:460 - rtt = 0.04 ms
2019-06-14 23:55:34 INFO  AdaptiveGridFTPClient:452 - bandwidth = 1.0E10 GB
2019-06-14 23:55:34 INFO  AdaptiveGridFTPClient:478 - bs = 3.3554432E7
2019-06-14 23:55:34 INFO  AdaptiveGridFTPClient:469 - cc = 4
2019-06-14 23:56:04 INFO  AdaptiveGridFTPClient:426 - source  = gsiftp://oasis-dm.sdsc.xsede.org:2811/home/earslan/
2019-06-14 23:56:04 INFO  AdaptiveGridFTPClient:435 - destination = gsiftp://gridftp.stampede2.tacc.xsede.org:2811/scratch/01814/earslan/test/
2019-06-14 23:56:04 INFO  AdaptiveGridFTPClient:460 - rtt = 0.04 ms
2019-06-14 23:56:04 INFO  AdaptiveGridFTPClient:452 - bandwidth = 1.0E10 GB
2019-06-14 23:56:04 INFO  AdaptiveGridFTPClient:478 - bs = 3.3554432E7
2019-06-14 23:56:04 INFO  AdaptiveGridFTPClient:469 - cc = 4
2019-06-15 00:03:19 INFO  AdaptiveGridFTPClient:426 - source  = gsiftp://oasis-dm.sdsc.xsede.org:2811/home/earslan/
2019-06-15 00:03:19 INFO  AdaptiveGridFTPClient:435 - destination = gsiftp://gridftp.stampede2.tacc.xsede.org:2811/scratch/01814/earslan/test/
2019-06-15 00:03:19 INFO  AdaptiveGridFTPClient:460 - rtt = 0.04 ms
2019-06-15 00:03:19 INFO  AdaptiveGridFTPClient:452 - bandwidth = 1.0E10 GB
2019-06-15 00:03:19 INFO  AdaptiveGridFTPClient:478 - bs = 3.3554432E7
2019-06-15 00:03:19 INFO  AdaptiveGridFTPClient:469 - cc = 4
2019-06-15 00:04:55 INFO  AdaptiveGridFTPClient:426 - source  = gsiftp://oasis-dm.sdsc.xsede.org:2811/home/earslan/
2019-06-15 00:04:55 INFO  AdaptiveGridFTPClient:435 - destination = gsiftp://gridftp.stampede2.tacc.xsede.org:2811/scratch/01814/earslan/test/
2019-06-15 00:04:55 INFO  AdaptiveGridFTPClient:460 - rtt = 0.04 ms
2019-06-15 00:04:55 INFO  AdaptiveGridFTPClient:452 - bandwidth = 1.0E10 GB
2019-06-15 00:04:55 INFO  AdaptiveGridFTPClient:478 - bs = 3.3554432E7
2019-06-15 00:04:55 INFO  AdaptiveGridFTPClient:469 - cc = 4
2019-06-15 00:07:06 INFO  AdaptiveGridFTPClient:426 - source  = gsiftp://oasis-dm.sdsc.xsede.org:2811/home/earslan/
2019-06-15 00:07:06 INFO  AdaptiveGridFTPClient:435 - destination = gsiftp://gridftp.stampede2.tacc.xsede.org:2811/scratch/01814/earslan/test/
2019-06-15 00:07:06 INFO  AdaptiveGridFTPClient:460 - rtt = 0.04 ms
2019-06-15 00:07:06 INFO  AdaptiveGridFTPClient:452 - bandwidth = 1.0E10 GB
2019-06-15 00:07:06 INFO  AdaptiveGridFTPClient:478 - bs = 3.3554432E7
2019-06-15 00:07:06 INFO  AdaptiveGridFTPClient:469 - cc = 4
2019-06-15 00:09:05 INFO  AdaptiveGridFTPClient:429 - source  = gsiftp://oasis-dm.sdsc.xsede.org:2811/home/earslan/
2019-06-15 00:09:05 INFO  AdaptiveGridFTPClient:438 - destination = gsiftp://gridftp.stampede2.tacc.xsede.org:2811/scratch/01814/earslan/test/
2019-06-15 00:09:05 INFO  AdaptiveGridFTPClient:463 - rtt = 0.04 ms
2019-06-15 00:09:05 INFO  AdaptiveGridFTPClient:455 - bandwidth = 1.0E10 GB
2019-06-15 00:09:05 INFO  AdaptiveGridFTPClient:481 - bs = 3.3554432E7
2019-06-15 00:09:05 INFO  AdaptiveGridFTPClient:472 - cc = 4
2019-06-15 00:09:09 INFO  AdaptiveGridFTPClient:109 - Starting mlsr onoasis-dm.sdsc.xsede.org
2019-06-15 00:10:19 INFO  AdaptiveGridFTPClient:429 - source  = gsiftp://oasis-dm.sdsc.xsede.org:2811/home/earslan/
2019-06-15 00:10:19 INFO  AdaptiveGridFTPClient:438 - destination = gsiftp://gridftp.stampede2.tacc.xsede.org:2811/scratch/01814/earslan/test/
2019-06-15 00:10:19 INFO  AdaptiveGridFTPClient:463 - rtt = 0.04 ms
2019-06-15 00:10:19 INFO  AdaptiveGridFTPClient:455 - bandwidth = 1.0E10 GB
2019-06-15 00:10:19 INFO  AdaptiveGridFTPClient:481 - bs = 3.3554432E7
2019-06-15 00:10:19 INFO  AdaptiveGridFTPClient:472 - cc = 4
2019-06-15 00:14:11 INFO  AdaptiveGridFTPClient:429 - source  = gsiftp://oasis-dm.sdsc.xsede.org:2811/home/earslan/
2019-06-15 00:14:11 INFO  AdaptiveGridFTPClient:438 - destination = gsiftp://gridftp.stampede2.tacc.xsede.org:2811/scratch/01814/earslan/test/
2019-06-15 00:14:11 INFO  AdaptiveGridFTPClient:463 - rtt = 0.04 ms
2019-06-15 00:14:11 INFO  AdaptiveGridFTPClient:455 - bandwidth = 1.0E10 GB
2019-06-15 00:14:11 INFO  AdaptiveGridFTPClient:481 - bs = 3.3554432E7
2019-06-15 00:14:11 INFO  AdaptiveGridFTPClient:472 - cc = 4
2019-06-15 00:16:08 INFO  AdaptiveGridFTPClient:429 - source  = gsiftp://oasis-dm.sdsc.xsede.org:2811/home/earslan/
2019-06-15 00:16:08 INFO  AdaptiveGridFTPClient:438 - destination = gsiftp://gridftp.stampede2.tacc.xsede.org:2811/scratch/01814/earslan/test/
2019-06-15 00:16:08 INFO  AdaptiveGridFTPClient:463 - rtt = 0.04 ms
2019-06-15 00:16:08 INFO  AdaptiveGridFTPClient:455 - bandwidth = 1.0E10 GB
2019-06-15 00:16:08 INFO  AdaptiveGridFTPClient:481 - bs = 3.3554432E7
2019-06-15 00:16:08 INFO  AdaptiveGridFTPClient:472 - cc = 4
2019-06-15 00:21:02 INFO  AdaptiveGridFTPClient:429 - source  = gsiftp://oasis-dm.sdsc.xsede.org:2811/home/earslan/
2019-06-15 00:21:02 INFO  AdaptiveGridFTPClient:438 - destination = gsiftp://gridftp.stampede2.tacc.xsede.org:2811/scratch/01814/earslan/test/
2019-06-15 00:21:02 INFO  AdaptiveGridFTPClient:463 - rtt = 0.04 ms
2019-06-15 00:21:02 INFO  AdaptiveGridFTPClient:455 - bandwidth = 1.0E10 GB
2019-06-15 00:21:02 INFO  AdaptiveGridFTPClient:481 - bs = 3.3554432E7
2019-06-15 00:21:02 INFO  AdaptiveGridFTPClient:472 - cc = 4
2019-06-15 00:22:29 INFO  AdaptiveGridFTPClient:429 - source  = gsiftp://oasis-dm.sdsc.xsede.org:2811/oasis/scratch-comet/earslan/temp_project/
2019-06-15 00:22:29 INFO  AdaptiveGridFTPClient:438 - destination = gsiftp://gridftp.stampede2.tacc.xsede.org:2811/scratch/01814/earslan/test/
2019-06-15 00:22:29 INFO  AdaptiveGridFTPClient:463 - rtt = 0.04 ms
2019-06-15 00:22:29 INFO  AdaptiveGridFTPClient:455 - bandwidth = 1.0E10 GB
2019-06-15 00:22:29 INFO  AdaptiveGridFTPClient:481 - bs = 3.3554432E7
2019-06-15 00:22:29 INFO  AdaptiveGridFTPClient:472 - cc = 4
2019-06-15 00:22:37 INFO  CooperativeModule:1175 - Creating directory /scratch/01814/earslan/test/darkenergy/
2019-06-15 00:22:37 INFO  CooperativeModule:1175 - Creating directory /scratch/01814/earslan/test/test/
2019-06-15 00:22:37 INFO  CooperativeModule:1175 - Creating directory /scratch/01814/earslan/test/test/dir1/
2019-06-15 00:22:37 INFO  CooperativeModule:1175 - Creating directory /scratch/01814/earslan/test/test/dir3/
2019-06-15 00:22:37 INFO  CooperativeModule:1175 - Creating directory /scratch/01814/earslan/test/test/dir1/dir2/
2019-06-15 00:22:37 INFO  AdaptiveGridFTPClient:113 - mlsr completed at:7.64set size:38686166970
2019-06-15 00:22:37 INFO  AdaptiveGridFTPClient:239 - 0 is too small 0 files total size:0 B
2019-06-15 00:22:37 INFO  AdaptiveGridFTPClient:252 - Partition 0 0 files 0 B
2019-06-15 00:22:37 INFO  AdaptiveGridFTPClient:254 - Merging partition 0 to partition 1
2019-06-15 00:22:37 INFO  AdaptiveGridFTPClient:239 - 0 is too small 9 files total size:30 MB
2019-06-15 00:22:37 INFO  AdaptiveGridFTPClient:252 - Partition 0 9 files 30 MB
2019-06-15 00:22:37 INFO  AdaptiveGridFTPClient:254 - Merging partition 0 to partition 1
2019-06-15 00:22:37 INFO  AdaptiveGridFTPClient:225 - Chunk 0:	files:10	 avg:207.8 MB 	 total:2.03 GB Density:MEDIUM
2019-06-15 00:22:37 INFO  AdaptiveGridFTPClient:225 - Chunk 1:	files:5	 avg:6.8 GB 	 total:34 GB Density:HUGE
2019-06-15 00:22:37 INFO  AdaptiveGridFTPClient:168 -  Running MC with :4 channels.
2019-06-15 00:22:37 INFO  AdaptiveGridFTPClient:170 - Chunk :MEDIUM cc:2 p:2 ppq:0
2019-06-15 00:22:37 INFO  AdaptiveGridFTPClient:170 - Chunk :HUGE cc:2 p:2 ppq:0
2019-06-15 00:22:37 INFO  CooperativeModule:1666 - 2 channels will be created for chunk 0
2019-06-15 00:22:37 INFO  CooperativeModule:1666 - 2 channels will be created for chunk 1
2019-06-15 00:22:37 INFO  CooperativeModule:1674 - Created 0channels
2019-06-15 00:28:01 INFO  AdaptiveGridFTPClient:429 - source  = gsiftp://oasis-dm.sdsc.xsede.org:2811/oasis/scratch-comet/earslan/temp_project/
2019-06-15 00:28:01 INFO  AdaptiveGridFTPClient:438 - destination = gsiftp://gridftp.stampede2.tacc.xsede.org:2811/scratch/01814/earslan/test/
2019-06-15 00:28:01 INFO  AdaptiveGridFTPClient:463 - rtt = 0.04 ms
2019-06-15 00:28:01 INFO  AdaptiveGridFTPClient:455 - bandwidth = 1.0E10 GB
2019-06-15 00:28:01 INFO  AdaptiveGridFTPClient:481 - bs = 3.3554432E7
2019-06-15 00:28:01 INFO  AdaptiveGridFTPClient:472 - cc = 4
2019-06-15 00:30:57 INFO  AdaptiveGridFTPClient:429 - source  = gsiftp://oasis-dm.sdsc.xsede.org:2811/oasis/scratch-comet/earslan/temp_project/
2019-06-15 00:30:57 INFO  AdaptiveGridFTPClient:438 - destination = gsiftp://gridftp.stampede2.tacc.xsede.org:2811/scratch/01814/earslan/test/
2019-06-15 00:30:57 INFO  AdaptiveGridFTPClient:463 - rtt = 0.04 ms
2019-06-15 00:30:57 INFO  AdaptiveGridFTPClient:455 - bandwidth = 1.0E10 GB
2019-06-15 00:30:57 INFO  AdaptiveGridFTPClient:481 - bs = 3.3554432E7
2019-06-15 00:30:57 INFO  AdaptiveGridFTPClient:472 - cc = 4
2019-06-15 00:31:00 INFO  CooperativeModule:1163 - Creating directory /scratch/01814/earslan/test/darkenergy/
2019-06-15 00:31:00 INFO  CooperativeModule:1163 - Creating directory /scratch/01814/earslan/test/test/
2019-06-15 00:31:00 INFO  CooperativeModule:1163 - Creating directory /scratch/01814/earslan/test/test/dir1/
2019-06-15 00:31:00 INFO  CooperativeModule:1163 - Creating directory /scratch/01814/earslan/test/test/dir3/
2019-06-15 00:31:00 INFO  CooperativeModule:1163 - Creating directory /scratch/01814/earslan/test/test/dir1/dir2/
2019-06-15 00:31:00 INFO  AdaptiveGridFTPClient:113 - mlsr completed at:3.007set size:38686166970
2019-06-15 00:31:00 INFO  AdaptiveGridFTPClient:239 - 0 is too small 0 files total size:0 B
2019-06-15 00:31:00 INFO  AdaptiveGridFTPClient:252 - Partition 0 0 files 0 B
2019-06-15 00:31:00 INFO  AdaptiveGridFTPClient:254 - Merging partition 0 to partition 1
2019-06-15 00:31:00 INFO  AdaptiveGridFTPClient:239 - 0 is too small 9 files total size:30 MB
2019-06-15 00:31:00 INFO  AdaptiveGridFTPClient:252 - Partition 0 9 files 30 MB
2019-06-15 00:31:00 INFO  AdaptiveGridFTPClient:254 - Merging partition 0 to partition 1
2019-06-15 00:31:00 INFO  AdaptiveGridFTPClient:225 - Chunk 0:	files:10	 avg:207.8 MB 	 total:2.03 GB Density:MEDIUM
2019-06-15 00:31:00 INFO  AdaptiveGridFTPClient:225 - Chunk 1:	files:5	 avg:6.8 GB 	 total:34 GB Density:HUGE
2019-06-15 00:31:00 INFO  AdaptiveGridFTPClient:168 -  Running MC with :4 channels.
2019-06-15 00:31:00 INFO  AdaptiveGridFTPClient:170 - Chunk :MEDIUM cc:2 p:2 ppq:0
2019-06-15 00:31:00 INFO  AdaptiveGridFTPClient:170 - Chunk :HUGE cc:2 p:2 ppq:0
2019-06-15 00:31:00 INFO  CooperativeModule:1653 - 2 channels will be created for chunk 0
2019-06-15 00:31:00 INFO  CooperativeModule:1653 - 2 channels will be created for chunk 1
2019-06-15 00:31:00 INFO  CooperativeModule:1661 - Created 0channels
2019-06-16 22:35:32 INFO  AdaptiveGridFTPClient:426 - source  = gsiftp://oasis-dm.sdsc.xsede.org:2811/oasis/scratch-comet/earslan/temp_project/
2019-06-16 22:35:32 INFO  AdaptiveGridFTPClient:435 - destination = gsiftp://gridftp.stampede2.tacc.xsede.org:2811/scratch/01814/earslan/test/
2019-06-16 22:35:32 INFO  AdaptiveGridFTPClient:460 - rtt = 0.04 ms
2019-06-16 22:35:32 INFO  AdaptiveGridFTPClient:452 - bandwidth = 1.0E10 GB
2019-06-16 22:35:32 INFO  AdaptiveGridFTPClient:478 - bs = 3.3554432E7
2019-06-16 22:35:32 INFO  AdaptiveGridFTPClient:469 - cc = 4
2019-06-16 22:35:56 INFO  AdaptiveGridFTPClient:426 - source  = gsiftp://oasis-dm.sdsc.xsede.org:2811/oasis/scratch-comet/earslan/temp_project/
2019-06-16 22:36:39 INFO  AdaptiveGridFTPClient:426 - source  = gsiftp://oasis-dm.sdsc.xsede.org:2811/oasis/scratch-comet/earslan/temp_project/
2019-06-16 22:36:39 INFO  AdaptiveGridFTPClient:435 - destination = gsiftp://gridftp.stampede2.tacc.xsede.org:2811/scratch/01814/earslan/test/
2019-06-16 22:36:39 INFO  AdaptiveGridFTPClient:460 - rtt = 0.04 ms
2019-06-16 22:36:39 INFO  AdaptiveGridFTPClient:452 - bandwidth = 1.0E10 GB
2019-06-16 22:36:39 INFO  AdaptiveGridFTPClient:478 - bs = 3.3554432E7
2019-06-16 22:36:46 INFO  AdaptiveGridFTPClient:426 - source  = gsiftp://oasis-dm.sdsc.xsede.org:2811/oasis/scratch-comet/earslan/temp_project/
2019-06-16 22:36:46 INFO  AdaptiveGridFTPClient:435 - destination = gsiftp://gridftp.stampede2.tacc.xsede.org:2811/scratch/01814/earslan/test/
2019-06-16 22:36:46 INFO  AdaptiveGridFTPClient:460 - rtt = 0.04 ms
2019-06-16 22:36:46 INFO  AdaptiveGridFTPClient:452 - bandwidth = 1.0E10 GB
2019-06-16 22:36:46 INFO  AdaptiveGridFTPClient:478 - bs = 3.3554432E7
2019-06-16 22:36:46 INFO  AdaptiveGridFTPClient:469 - cc = 4
2019-06-16 22:36:53 INFO  CooperativeModule:1162 - Creating directory /scratch/01814/earslan/test/darkenergy/
2019-06-16 22:36:53 INFO  CooperativeModule:1162 - Creating directory /scratch/01814/earslan/test/test/
2019-06-16 22:36:53 INFO  CooperativeModule:1162 - Creating directory /scratch/01814/earslan/test/test/dir1/
2019-06-16 22:36:53 INFO  CooperativeModule:1162 - Creating directory /scratch/01814/earslan/test/test/dir3/
2019-06-16 22:36:53 INFO  CooperativeModule:1162 - Creating directory /scratch/01814/earslan/test/test/dir1/dir2/
2019-06-16 22:36:53 INFO  AdaptiveGridFTPClient:110 - mlsr completed at:7.477set size:38686166970
2019-06-16 22:36:53 INFO  AdaptiveGridFTPClient:236 - 0 is too small 0 files total size:0 B
2019-06-16 22:36:53 INFO  AdaptiveGridFTPClient:249 - Partition 0 0 files 0 B
2019-06-16 22:36:53 INFO  AdaptiveGridFTPClient:251 - Merging partition 0 to partition 1
2019-06-16 22:36:53 INFO  AdaptiveGridFTPClient:236 - 0 is too small 9 files total size:30 MB
2019-06-16 22:36:53 INFO  AdaptiveGridFTPClient:249 - Partition 0 9 files 30 MB
2019-06-16 22:36:53 INFO  AdaptiveGridFTPClient:251 - Merging partition 0 to partition 1
2019-06-16 22:36:53 INFO  AdaptiveGridFTPClient:222 - Chunk 0:	files:10	 avg:207.8 MB 	 total:2.03 GB Density:MEDIUM
2019-06-16 22:36:53 INFO  AdaptiveGridFTPClient:222 - Chunk 1:	files:5	 avg:6.8 GB 	 total:34 GB Density:HUGE
2019-06-16 22:36:53 INFO  AdaptiveGridFTPClient:165 -  Running MC with :4 channels.
2019-06-16 22:36:53 INFO  AdaptiveGridFTPClient:167 - Chunk :MEDIUM cc:2 p:2 ppq:0
2019-06-16 22:36:53 INFO  AdaptiveGridFTPClient:167 - Chunk :HUGE cc:2 p:2 ppq:0
2019-06-16 22:36:53 INFO  CooperativeModule:1652 - 2 channels will be created for chunk 0
2019-06-16 22:36:53 INFO  CooperativeModule:1652 - 2 channels will be created for chunk 1
2019-06-16 22:36:53 INFO  CooperativeModule:1660 - Created 0channels
2019-09-24 20:18:48 INFO  ChannelModule:107 - source  = gsiftp://submit-1.osg.xsede.org/local-scratch/ducar/files/
2019-09-24 20:18:48 INFO  ChannelModule:116 - destination = gsiftp://oasis-dm.sdsc.xsede.org:2811/oasis/scratch/comet/ducar/temp_project/
2019-09-24 20:18:48 INFO  ChannelModule:141 - rtt = 0.04 ms
2019-09-24 20:18:48 INFO  ChannelModule:133 - bandwidth = 1.0E10 GB
2019-09-24 20:18:48 INFO  ChannelModule:159 - bs = 3.3554432E7
2019-09-24 20:18:48 INFO  ChannelModule:150 - cc = 4
2019-09-24 20:19:37 INFO  ChannelModule:107 - source  = gsiftp://submit-1.osg.xsede.org/local-scratch/ducar/files/
2019-09-24 20:19:37 INFO  ChannelModule:116 - destination = gsiftp://oasis-dm.sdsc.xsede.org:2811/oasis/scratch/comet/ducar/temp_project/
2019-09-24 20:19:37 INFO  ChannelModule:141 - rtt = 0.04 ms
2019-09-24 20:19:37 INFO  ChannelModule:133 - bandwidth = 1.0E10 GB
2019-09-24 20:19:37 INFO  ChannelModule:159 - bs = 3.3554432E7
2019-09-24 20:19:37 INFO  ChannelModule:150 - cc = 4
2019-09-24 20:19:37 INFO  ChannelModule:124 - proxyFile = /Users/earslan/Downloads/x509up_u1000
2019-09-24 20:21:50 INFO  ChannelModule:116 - destination = gsiftp://submit-1.osg.xsede.org/local-scratch/ducar/files/
2019-09-24 20:21:50 INFO  ChannelModule:107 - source  = gsiftp://oasis-dm.sdsc.xsede.org:2811/oasis/scratch/comet/ducar/temp_project/
2019-09-24 20:21:50 INFO  ChannelModule:141 - rtt = 0.04 ms
2019-09-24 20:21:50 INFO  ChannelModule:133 - bandwidth = 1.0E10 GB
2019-09-24 20:21:50 INFO  ChannelModule:159 - bs = 3.3554432E7
2019-09-24 20:21:50 INFO  ChannelModule:150 - cc = 4
2019-09-24 20:21:50 INFO  ChannelModule:124 - proxyFile = /Users/earslan/Downloads/x509up_u1000
2019-09-24 20:22:15 INFO  ChannelModule:116 - destination = gsiftp://submit-1.osg.xsede.org/local-scratch/ducar/files/
2019-09-24 20:22:15 INFO  ChannelModule:107 - source  = gsiftp://oasis-dm.sdsc.xsede.org:2811/oasis/scratch-comet/ducar/temp_project/
2019-09-24 20:22:15 INFO  ChannelModule:141 - rtt = 0.04 ms
2019-09-24 20:22:15 INFO  ChannelModule:133 - bandwidth = 1.0E10 GB
2019-09-24 20:22:15 INFO  ChannelModule:159 - bs = 3.3554432E7
2019-09-24 20:22:15 INFO  ChannelModule:150 - cc = 4
2019-09-24 20:22:15 INFO  ChannelModule:124 - proxyFile = /Users/earslan/Downloads/x509up_u1000
2019-09-24 20:25:04 INFO  ChannelModule:116 - destination = gsiftp://submit-1.osg.xsede.org/local-scratch/ducar/files/
2019-09-24 20:25:04 INFO  ChannelModule:107 - source  = gsiftp://oasis-dm.sdsc.xsede.org:2811/oasis/scratch-comet/ducar/temp_project/
2019-09-24 20:25:04 INFO  ChannelModule:141 - rtt = 0.04 ms
2019-09-24 20:25:04 INFO  ChannelModule:133 - bandwidth = 1.0E10 GB
2019-09-24 20:25:04 INFO  ChannelModule:159 - bs = 3.3554432E7
2019-09-24 20:25:04 INFO  ChannelModule:150 - cc = 4
2019-09-24 20:25:04 INFO  ChannelModule:124 - proxyFile = /Users/earslan/Downloads/x509up_u1000
2019-09-24 20:25:51 INFO  ChannelModule:116 - destination = gsiftp://submit-1.osg.xsede.org/local-scratch/ducar/files/
2019-09-24 20:25:51 INFO  ChannelModule:107 - source  = gsiftp://oasis-dm.sdsc.xsede.org:2811/oasis/scratch-comet/earslan/temp_project/
2019-09-24 20:25:51 INFO  ChannelModule:141 - rtt = 0.04 ms
2019-09-24 20:25:51 INFO  ChannelModule:133 - bandwidth = 1.0E10 GB
2019-09-24 20:25:51 INFO  ChannelModule:159 - bs = 3.3554432E7
2019-09-24 20:25:51 INFO  ChannelModule:150 - cc = 4
2019-09-24 20:25:51 INFO  ChannelModule:124 - proxyFile = /Users/earslan/Downloads/x509up_u1000
2019-09-24 20:26:54 INFO  ChannelModule:116 - destination = gsiftp://submit-1.osg.xsede.org/local-scratch/ducar/files/
2019-09-24 20:26:54 INFO  ChannelModule:107 - source  = gsiftp://oasis-dm.sdsc.xsede.org:2811/oasis/scratch-comet/earslan/temp_project/
2019-09-24 20:26:54 INFO  ChannelModule:141 - rtt = 0.04 ms
2019-09-24 20:26:54 INFO  ChannelModule:133 - bandwidth = 1.0E10 GB
2019-09-24 20:26:54 INFO  ChannelModule:159 - bs = 3.3554432E7
2019-09-24 20:26:54 INFO  ChannelModule:150 - cc = 4
2019-09-24 20:27:03 INFO  FTPClient:203 - Creating directory /local-scratch/ducar/files/darkenergy/
2019-09-24 20:27:03 INFO  FTPClient:203 - Creating directory /local-scratch/ducar/files/test/
2019-09-24 20:27:03 INFO  FTPClient:203 - Creating directory /local-scratch/ducar/files/test/dir1/
2019-09-24 20:27:03 INFO  FTPClient:203 - Creating directory /local-scratch/ducar/files/test/dir3/
2019-09-24 20:27:03 INFO  FTPClient:203 - Creating directory /local-scratch/ducar/files/test/dir1/dir2/
2019-09-24 20:27:03 INFO  AdaptiveGridFTPClient:79 - file listing completed at:4.23 data size:36.03 GB
2019-09-24 20:27:03 INFO  Utils:131 - Chunk 0:	files:10	 avg:207.8 MB 	 total:2.03 GB Density:MEDIUM
2019-09-24 20:27:03 INFO  Utils:131 - Chunk 1:	files:5	 avg:6.8 GB 	 total:34 GB Density:HUGE
2019-09-24 20:27:03 INFO  AdaptiveGridFTPClient:120 -  Running MC with :4 channels.
2019-09-24 20:27:03 INFO  AdaptiveGridFTPClient:122 - Chunk :MEDIUM cc:2 p:2 ppq:0
2019-09-24 20:27:03 INFO  AdaptiveGridFTPClient:122 - Chunk :HUGE cc:2 p:2 ppq:0
2019-09-24 20:27:03 INFO  GridFTPClient:252 - Transferring chunk MEDIUM params:Concurrency:2	Paralellism:2	Pipelining:0 33554432 file count:10 size:2078.003839492798
2019-09-24 20:27:03 INFO  GridFTPClient:252 - Transferring chunk HUGE params:Concurrency:2	Paralellism:2	Pipelining:0 33554432 file count:5 size:34816.0
2019-09-24 20:27:11 INFO  ChannelModule:116 - destination = gsiftp://submit-1.osg.xsede.org/local-scratch/ducar/files/
2019-09-24 20:27:11 INFO  ChannelModule:107 - source  = gsiftp://oasis-dm.sdsc.xsede.org:2811/oasis/scratch-comet/earslan/temp_project/
2019-09-24 20:27:11 INFO  ChannelModule:141 - rtt = 0.04 ms
2019-09-24 20:27:11 INFO  ChannelModule:133 - bandwidth = 1.0E10 GB
2019-09-24 20:27:11 INFO  ChannelModule:159 - bs = 3.3554432E7
2019-09-24 20:27:11 INFO  ChannelModule:150 - cc = 4
2019-09-24 20:27:11 INFO  ChannelModule:124 - proxyFile = /Users/earslan/Downloads/x509up_u1000
2019-09-24 20:34:23 INFO  ChannelModule:116 - destination = gsiftp://submit-1.osg.xsede.org/local-scratch/ducar/files/
2019-09-24 20:34:23 INFO  ChannelModule:107 - source  = gsiftp://oasis-dm.sdsc.xsede.org:2811/oasis/scratch-comet/earslan/temp_project/
2019-09-24 20:34:23 INFO  ChannelModule:141 - rtt = 0.04 ms
2019-09-24 20:34:23 INFO  ChannelModule:133 - bandwidth = 1.0E10 GB
2019-09-24 20:34:23 INFO  ChannelModule:159 - bs = 3.3554432E7
2019-09-24 20:34:23 INFO  ChannelModule:150 - cc = 4
2019-09-24 20:34:23 INFO  ChannelModule:124 - proxyFile = /Users/earslan/Downloads/x509up_u1000
2019-09-24 20:45:09 INFO  ChannelModule:116 - destination = gsiftp://submit-1.osg.xsede.org/local-scratch/ducar/files/
2019-09-24 20:45:09 INFO  ChannelModule:107 - source  = gsiftp://oasis-dm.sdsc.xsede.org:2811/oasis/scratch-comet/earslan/temp_project/
2019-09-24 20:45:09 INFO  ChannelModule:141 - rtt = 0.04 ms
2019-09-24 20:45:09 INFO  ChannelModule:133 - bandwidth = 1.0E10 GB
2019-09-24 20:45:09 INFO  ChannelModule:159 - bs = 3.3554432E7
2019-09-24 20:45:09 INFO  ChannelModule:150 - cc = 4
2019-09-24 20:45:09 INFO  ChannelModule:124 - proxyFile = /Users/earslan/Downloads/x509up_u1000
2019-09-24 20:49:42 INFO  ChannelModule:116 - destination = gsiftp://submit-1.osg.xsede.org/local-scratch/ducar/files/
2019-09-24 20:49:42 INFO  ChannelModule:107 - source  = gsiftp://oasis-dm.sdsc.xsede.org:2811/oasis/scratch-comet/earslan/temp_project/
2019-09-24 20:49:42 INFO  ChannelModule:141 - rtt = 0.04 ms
2019-09-24 20:49:42 INFO  ChannelModule:133 - bandwidth = 1.0E10 GB
2019-09-24 20:49:42 INFO  ChannelModule:159 - bs = 3.3554432E7
2019-09-24 20:49:42 INFO  ChannelModule:150 - cc = 4
2019-09-24 20:49:42 INFO  ChannelModule:124 - proxyFile = /Users/earslan/Downloads/x509up_u1000
2020-01-30 17:52:14 INFO  ChannelModule:116 - destination = gsiftp://submit-1.osg.xsede.org/local-scratch/ducar/files/
2020-01-30 17:52:14 INFO  ChannelModule:107 - source  = gsiftp://oasis-dm.sdsc.xsede.org:2811/oasis/scratch-comet/earslan/temp_project/
2020-01-30 17:52:14 INFO  ChannelModule:141 - rtt = 0.04 ms
2020-01-30 17:52:14 INFO  ChannelModule:133 - bandwidth = 1.0E10 GB
2020-01-30 17:52:14 INFO  ChannelModule:159 - bs = 3.3554432E7
2020-01-30 17:52:14 INFO  ChannelModule:150 - cc = 4
2020-01-30 17:52:14 INFO  ChannelModule:107 - source  = ftp://192.168.1.2:50505/data/1G/
2020-01-30 17:52:14 INFO  ChannelModule:116 - destination = ftp://192.168.1.1:50505/data/aalhussen/
2020-01-30 17:52:14 INFO  ChannelModule:141 - rtt = 0.04 ms
2020-01-30 17:52:14 INFO  ChannelModule:133 - bandwidth = 1.0E10 GB
2020-01-30 17:52:14 INFO  ChannelModule:159 - bs = 3.3554432E7
2020-01-30 17:52:14 INFO  ChannelModule:150 - cc = 4
2020-01-30 17:52:14 INFO  ChannelModule:187 - Use hysteresis based approach
2020-02-03 09:06:38 INFO  ChannelModule:116 - destination = gsiftp://submit-1.osg.xsede.org/local-scratch/ducar/files/
2020-02-03 09:06:38 INFO  ChannelModule:107 - source  = gsiftp://oasis-dm.sdsc.xsede.org:2811/oasis/scratch-comet/earslan/temp_project/
2020-02-03 09:06:38 INFO  ChannelModule:141 - rtt = 0.04 ms
2020-02-03 09:06:38 INFO  ChannelModule:133 - bandwidth = 1.0E10 GB
2020-02-03 09:06:38 INFO  ChannelModule:159 - bs = 3.3554432E7
2020-02-03 09:06:38 INFO  ChannelModule:150 - cc = 4
2020-02-03 09:06:38 INFO  ChannelModule:107 - source  = ftp://192.168.1.2:50505/data/1G/
2020-02-03 09:06:38 INFO  ChannelModule:116 - destination = ftp://192.168.1.1:50505/data/earslan/files/
2020-02-03 09:06:38 INFO  ChannelModule:141 - rtt = 0.002 ms
2020-02-03 09:06:38 INFO  ChannelModule:133 - bandwidth = 1.0E10 GB
2020-02-03 09:06:38 INFO  ChannelModule:159 - bs = 3.3554432E7
2020-02-03 09:06:38 INFO  ChannelModule:150 - cc = 10
2020-02-03 09:06:38 INFO  ChannelModule:187 - Use hysteresis based approach
2020-02-03 09:06:38 INFO  ChannelModule:217 - Online modelling/tuning enabled.
2020-02-03 09:13:35 INFO  ChannelModule:116 - destination = gsiftp://submit-1.osg.xsede.org/local-scratch/ducar/files/
2020-02-03 09:13:35 INFO  ChannelModule:107 - source  = gsiftp://oasis-dm.sdsc.xsede.org:2811/oasis/scratch-comet/earslan/temp_project/
2020-02-03 09:13:35 INFO  ChannelModule:141 - rtt = 0.04 ms
2020-02-03 09:13:35 INFO  ChannelModule:133 - bandwidth = 1.0E10 GB
2020-02-03 09:13:35 INFO  ChannelModule:159 - bs = 3.3554432E7
2020-02-03 09:13:35 INFO  ChannelModule:150 - cc = 4
2020-02-03 09:13:35 INFO  ChannelModule:107 - source  = ftp://192.168.1.2:50505/data/1G/
2020-02-03 09:13:35 INFO  ChannelModule:116 - destination = ftp://192.168.1.1:50505/data/earslan/files/
2020-02-03 09:13:35 INFO  ChannelModule:141 - rtt = 0.002 ms
2020-02-03 09:13:35 INFO  ChannelModule:133 - bandwidth = 1.0E10 GB
2020-02-03 09:13:35 INFO  ChannelModule:159 - bs = 3.3554432E7
2020-02-03 09:13:35 INFO  ChannelModule:150 - cc = 10
2020-02-03 09:13:35 INFO  ChannelModule:187 - Use hysteresis based approach
2020-02-03 09:13:35 INFO  ChannelModule:217 - Online modelling/tuning enabled.
2020-02-03 09:33:25 INFO  ChannelModule:116 - destination = gsiftp://submit-1.osg.xsede.org/local-scratch/ducar/files/
2020-02-03 09:33:25 INFO  ChannelModule:107 - source  = gsiftp://oasis-dm.sdsc.xsede.org:2811/oasis/scratch-comet/earslan/temp_project/
2020-02-03 09:33:25 INFO  ChannelModule:141 - rtt = 0.04 ms
2020-02-03 09:33:25 INFO  ChannelModule:133 - bandwidth = 1.0E10 GB
2020-02-03 09:33:25 INFO  ChannelModule:159 - bs = 3.3554432E7
2020-02-03 09:33:25 INFO  ChannelModule:150 - cc = 4
2020-02-03 09:33:25 INFO  ChannelModule:107 - source  = ftp://192.168.1.2:50505/data/1G/
2020-02-03 09:33:25 INFO  ChannelModule:116 - destination = ftp://192.168.1.1:50505/data/earslan/files/
2020-02-03 09:33:25 INFO  ChannelModule:141 - rtt = 0.002 ms
2020-02-03 09:33:25 INFO  ChannelModule:133 - bandwidth = 1.0E10 GB
2020-02-03 09:33:25 INFO  ChannelModule:159 - bs = 3.3554432E7
2020-02-03 09:33:25 INFO  ChannelModule:150 - cc = 10
2020-02-03 09:33:25 INFO  ChannelModule:187 - Use hysteresis based approach
2020-02-03 09:33:25 INFO  ChannelModule:217 - Online modelling/tuning enabled.
